<?xml version="1.0" encoding="UTF-8"?>
<testsuite xmlns:xsi="http://www.w3.org/2001/XMLSchema-instance" xsi:noNamespaceSchemaLocation="https://maven.apache.org/surefire/maven-surefire-plugin/xsd/surefire-test-report.xsd" name="Parallel01IT" time="18.61" tests="1" errors="0" skipped="0" failures="0">
  <properties>
    <property name="sun.desktop" value="windows"/>
    <property name="awt.toolkit" value="sun.awt.windows.WToolkit"/>
    <property name="file.encoding.pkg" value="sun.io"/>
    <property name="java.specification.version" value="1.8"/>
    <property name="sun.cpu.isalist" value="amd64"/>
    <property name="sun.jnu.encoding" value="Cp1252"/>
    <property name="java.class.path" value="D:\workspace\BDD Test Framework\target\test-classes;D:\workspace\BDD Test Framework\target\classes;C:\Users\danut.cristea\.m2\repository\com\github\temyers\cucumber-jvm-parallel-plugin\2.1.0\cucumber-jvm-parallel-plugin-2.1.0.jar;C:\Users\danut.cristea\.m2\repository\commons-io\commons-io\2.4\commons-io-2.4.jar;C:\Users\danut.cristea\.m2\repository\org\apache\velocity\velocity\1.7\velocity-1.7.jar;C:\Users\danut.cristea\.m2\repository\commons-collections\commons-collections\3.2.1\commons-collections-3.2.1.jar;C:\Users\danut.cristea\.m2\repository\commons-lang\commons-lang\2.4\commons-lang-2.4.jar;C:\Users\danut.cristea\.m2\repository\io\cucumber\gherkin\3.2.0\gherkin-3.2.0.jar;C:\Users\danut.cristea\.m2\repository\io\cucumber\gherkin-jvm-deps\1.0.4\gherkin-jvm-deps-1.0.4.jar;C:\Users\danut.cristea\.m2\repository\org\projectlombok\lombok\1.16.10\lombok-1.16.10.jar;C:\Users\danut.cristea\.m2\repository\info\cukes\cucumber-java\1.2.5\cucumber-java-1.2.5.jar;C:\Users\danut.cristea\.m2\repository\info\cukes\cucumber-picocontainer\1.2.5\cucumber-picocontainer-1.2.5.jar;C:\Users\danut.cristea\.m2\repository\org\picocontainer\picocontainer\2.15\picocontainer-2.15.jar;C:\Users\danut.cristea\.m2\repository\info\cukes\cucumber-jvm-deps\1.0.5\cucumber-jvm-deps-1.0.5.jar;C:\Users\danut.cristea\.m2\repository\info\cukes\cucumber-core\1.2.5\cucumber-core-1.2.5.jar;C:\Users\danut.cristea\.m2\repository\info\cukes\cucumber-html\0.2.3\cucumber-html-0.2.3.jar;C:\Users\danut.cristea\.m2\repository\net\masterthought\cucumber-reporting\4.2.3\cucumber-reporting-4.2.3.jar;C:\Users\danut.cristea\.m2\repository\com\fasterxml\jackson\core\jackson-databind\2.9.7\jackson-databind-2.9.7.jar;C:\Users\danut.cristea\.m2\repository\com\fasterxml\jackson\core\jackson-annotations\2.9.0\jackson-annotations-2.9.0.jar;C:\Users\danut.cristea\.m2\repository\com\fasterxml\jackson\core\jackson-core\2.9.7\jackson-core-2.9.7.jar;C:\Users\danut.cristea\.m2\repository\velocity-tools\velocity-tools\1.4\velocity-tools-1.4.jar;C:\Users\danut.cristea\.m2\repository\joda-time\joda-time\2.10.1\joda-time-2.10.1.jar;C:\Users\danut.cristea\.m2\repository\org\apache\commons\commons-lang3\3.7\commons-lang3-3.7.jar;C:\Users\danut.cristea\.m2\repository\org\codehaus\plexus\plexus-utils\3.1.0\plexus-utils-3.1.0.jar;C:\Users\danut.cristea\.m2\repository\org\jsoup\jsoup\1.11.3\jsoup-1.11.3.jar;C:\Users\danut.cristea\.m2\repository\com\googlecode\owasp-java-html-sanitizer\owasp-java-html-sanitizer\20181114.1\owasp-java-html-sanitizer-20181114.1.jar;C:\Users\danut.cristea\.m2\repository\commons-configuration\commons-configuration\1.10\commons-configuration-1.10.jar;C:\Users\danut.cristea\.m2\repository\info\cukes\gherkin\2.12.2\gherkin-2.12.2.jar;C:\Users\danut.cristea\.m2\repository\info\cukes\cucumber-testng\1.2.5\cucumber-testng-1.2.5.jar;C:\Users\danut.cristea\.m2\repository\org\testng\testng\7.0.0-beta1\testng-7.0.0-beta1.jar;C:\Users\danut.cristea\.m2\repository\com\beust\jcommander\1.72\jcommander-1.72.jar;C:\Users\danut.cristea\.m2\repository\org\seleniumhq\selenium\selenium-java\3.5.3\selenium-java-3.5.3.jar;C:\Users\danut.cristea\.m2\repository\org\seleniumhq\selenium\selenium-api\3.5.3\selenium-api-3.5.3.jar;C:\Users\danut.cristea\.m2\repository\org\seleniumhq\selenium\selenium-edge-driver\3.5.3\selenium-edge-driver-3.5.3.jar;C:\Users\danut.cristea\.m2\repository\org\seleniumhq\selenium\selenium-firefox-driver\3.5.3\selenium-firefox-driver-3.5.3.jar;C:\Users\danut.cristea\.m2\repository\org\seleniumhq\selenium\selenium-ie-driver\3.5.3\selenium-ie-driver-3.5.3.jar;C:\Users\danut.cristea\.m2\repository\org\seleniumhq\selenium\selenium-opera-driver\3.5.3\selenium-opera-driver-3.5.3.jar;C:\Users\danut.cristea\.m2\repository\org\seleniumhq\selenium\selenium-remote-driver\3.5.3\selenium-remote-driver-3.5.3.jar;C:\Users\danut.cristea\.m2\repository\org\seleniumhq\selenium\selenium-safari-driver\3.5.3\selenium-safari-driver-3.5.3.jar;C:\Users\danut.cristea\.m2\repository\org\seleniumhq\selenium\selenium-support\3.5.3\selenium-support-3.5.3.jar;C:\Users\danut.cristea\.m2\repository\cglib\cglib-nodep\3.2.4\cglib-nodep-3.2.4.jar;C:\Users\danut.cristea\.m2\repository\org\apache\commons\commons-exec\1.3\commons-exec-1.3.jar;C:\Users\danut.cristea\.m2\repository\commons-codec\commons-codec\1.10\commons-codec-1.10.jar;C:\Users\danut.cristea\.m2\repository\commons-logging\commons-logging\1.2\commons-logging-1.2.jar;C:\Users\danut.cristea\.m2\repository\org\w3c\css\sac\1.3\sac-1.3.jar;C:\Users\danut.cristea\.m2\repository\net\sourceforge\cssparser\cssparser\0.9.23\cssparser-0.9.23.jar;C:\Users\danut.cristea\.m2\repository\org\hamcrest\hamcrest-core\1.3\hamcrest-core-1.3.jar;C:\Users\danut.cristea\.m2\repository\net\sourceforge\htmlunit\htmlunit\2.27\htmlunit-2.27.jar;C:\Users\danut.cristea\.m2\repository\net\sourceforge\htmlunit\htmlunit-core-js\2.27\htmlunit-core-js-2.27.jar;C:\Users\danut.cristea\.m2\repository\net\sourceforge\htmlunit\neko-htmlunit\2.27\neko-htmlunit-2.27.jar;C:\Users\danut.cristea\.m2\repository\org\apache\httpcomponents\httpclient\4.5.3\httpclient-4.5.3.jar;C:\Users\danut.cristea\.m2\repository\org\apache\httpcomponents\httpcore\4.4.6\httpcore-4.4.6.jar;C:\Users\danut.cristea\.m2\repository\org\apache\httpcomponents\httpmime\4.5.3\httpmime-4.5.3.jar;C:\Users\danut.cristea\.m2\repository\org\eclipse\jetty\jetty-client\9.4.5.v20170502\jetty-client-9.4.5.v20170502.jar;C:\Users\danut.cristea\.m2\repository\org\eclipse\jetty\jetty-http\9.4.5.v20170502\jetty-http-9.4.5.v20170502.jar;C:\Users\danut.cristea\.m2\repository\org\eclipse\jetty\jetty-io\9.4.5.v20170502\jetty-io-9.4.5.v20170502.jar;C:\Users\danut.cristea\.m2\repository\org\eclipse\jetty\jetty-util\9.4.5.v20170502\jetty-util-9.4.5.v20170502.jar;C:\Users\danut.cristea\.m2\repository\net\java\dev\jna\jna\4.1.0\jna-4.1.0.jar;C:\Users\danut.cristea\.m2\repository\net\java\dev\jna\jna-platform\4.1.0\jna-platform-4.1.0.jar;C:\Users\danut.cristea\.m2\repository\junit\junit\4.12\junit-4.12.jar;C:\Users\danut.cristea\.m2\repository\com\codeborne\phantomjsdriver\1.4.0\phantomjsdriver-1.4.0.jar;C:\Users\danut.cristea\.m2\repository\org\seleniumhq\selenium\htmlunit-driver\2.27\htmlunit-driver-2.27.jar;C:\Users\danut.cristea\.m2\repository\javax\servlet\javax.servlet-api\3.1.0\javax.servlet-api-3.1.0.jar;C:\Users\danut.cristea\.m2\repository\org\eclipse\jetty\websocket\websocket-api\9.4.5.v20170502\websocket-api-9.4.5.v20170502.jar;C:\Users\danut.cristea\.m2\repository\org\eclipse\jetty\websocket\websocket-client\9.4.5.v20170502\websocket-client-9.4.5.v20170502.jar;C:\Users\danut.cristea\.m2\repository\org\eclipse\jetty\websocket\websocket-common\9.4.5.v20170502\websocket-common-9.4.5.v20170502.jar;C:\Users\danut.cristea\.m2\repository\xalan\serializer\2.7.2\serializer-2.7.2.jar;C:\Users\danut.cristea\.m2\repository\xalan\xalan\2.7.2\xalan-2.7.2.jar;C:\Users\danut.cristea\.m2\repository\xerces\xercesImpl\2.11.0\xercesImpl-2.11.0.jar;C:\Users\danut.cristea\.m2\repository\xml-apis\xml-apis\1.4.01\xml-apis-1.4.01.jar;C:\Users\danut.cristea\.m2\repository\org\seleniumhq\selenium\selenium-chrome-driver\3.14.0\selenium-chrome-driver-3.14.0.jar;C:\Users\danut.cristea\.m2\repository\net\bytebuddy\byte-buddy\1.8.15\byte-buddy-1.8.15.jar;C:\Users\danut.cristea\.m2\repository\com\squareup\okhttp3\okhttp\3.10.0\okhttp-3.10.0.jar;C:\Users\danut.cristea\.m2\repository\com\squareup\okio\okio\1.14.1\okio-1.14.1.jar;C:\Users\danut.cristea\.m2\repository\com\vimalselvam\cucumber-extentsreport\3.1.1\cucumber-extentsreport-3.1.1.jar;C:\Users\danut.cristea\.m2\repository\com\aventstack\extentreports\4.0.3\extentreports-4.0.3.jar;C:\Users\danut.cristea\.m2\repository\org\freemarker\freemarker\2.3.23\freemarker-2.3.23.jar;C:\Users\danut.cristea\.m2\repository\org\mongodb\mongodb-driver\3.3.0\mongodb-driver-3.3.0.jar;C:\Users\danut.cristea\.m2\repository\org\mongodb\mongodb-driver-core\3.3.0\mongodb-driver-core-3.3.0.jar;C:\Users\danut.cristea\.m2\repository\org\mongodb\bson\3.3.0\bson-3.3.0.jar;C:\Users\danut.cristea\.m2\repository\com\sitture\cucumber-jvm-extentreport\3.1.2\cucumber-jvm-extentreport-3.1.2.jar;C:\Users\danut.cristea\.m2\repository\io\cucumber\cucumber-java\2.3.1\cucumber-java-2.3.1.jar;C:\Users\danut.cristea\.m2\repository\io\cucumber\cucumber-core\2.3.1\cucumber-core-2.3.1.jar;C:\Users\danut.cristea\.m2\repository\io\cucumber\cucumber-jvm-deps\1.0.6\cucumber-jvm-deps-1.0.6.jar;C:\Users\danut.cristea\.m2\repository\io\cucumber\tag-expressions\1.1.1\tag-expressions-1.1.1.jar;C:\Users\danut.cristea\.m2\repository\io\cucumber\cucumber-junit\2.3.1\cucumber-junit-2.3.1.jar;C:\Users\danut.cristea\.m2\repository\org\apache\poi\poi-ooxml\3.9\poi-ooxml-3.9.jar;C:\Users\danut.cristea\.m2\repository\dom4j\dom4j\1.6.1\dom4j-1.6.1.jar;C:\Users\danut.cristea\.m2\repository\org\apache\poi\poi-ooxml-schemas\3.9\poi-ooxml-schemas-3.9.jar;C:\Users\danut.cristea\.m2\repository\org\apache\xmlbeans\xmlbeans\2.3.0\xmlbeans-2.3.0.jar;C:\Users\danut.cristea\.m2\repository\stax\stax-api\1.0.1\stax-api-1.0.1.jar;C:\Users\danut.cristea\.m2\repository\org\apache\poi\poi-scratchpad\3.9\poi-scratchpad-3.9.jar;C:\Users\danut.cristea\.m2\repository\org\apache\poi\ooxml-schemas\1.1\ooxml-schemas-1.1.jar;C:\Users\danut.cristea\.m2\repository\org\apache\poi\openxml4j\1.0-beta\openxml4j-1.0-beta.jar;C:\Users\danut.cristea\.m2\repository\log4j\log4j\1.2.8\log4j-1.2.8.jar;C:\Users\danut.cristea\.m2\repository\org\apache\poi\poi\3.16-beta2\poi-3.16-beta2.jar;C:\Users\danut.cristea\.m2\repository\org\apache\commons\commons-collections4\4.1\commons-collections4-4.1.jar;C:\Users\danut.cristea\.m2\repository\com\google\guava\guava\22.0\guava-22.0.jar;C:\Users\danut.cristea\.m2\repository\com\google\code\findbugs\jsr305\1.3.9\jsr305-1.3.9.jar;C:\Users\danut.cristea\.m2\repository\com\google\errorprone\error_prone_annotations\2.0.18\error_prone_annotations-2.0.18.jar;C:\Users\danut.cristea\.m2\repository\com\google\j2objc\j2objc-annotations\1.1\j2objc-annotations-1.1.jar;C:\Users\danut.cristea\.m2\repository\org\codehaus\mojo\animal-sniffer-annotations\1.14\animal-sniffer-annotations-1.14.jar;C:\Users\danut.cristea\.m2\repository\com\google\code\gson\gson\2.8.2\gson-2.8.2.jar;C:\Users\danut.cristea\.m2\repository\org\apache\maven\maven-core\3.5.2\maven-core-3.5.2.jar;C:\Users\danut.cristea\.m2\repository\org\apache\maven\maven-model\3.5.2\maven-model-3.5.2.jar;C:\Users\danut.cristea\.m2\repository\org\apache\maven\maven-settings\3.5.2\maven-settings-3.5.2.jar;C:\Users\danut.cristea\.m2\repository\org\apache\maven\maven-settings-builder\3.5.2\maven-settings-builder-3.5.2.jar;C:\Users\danut.cristea\.m2\repository\org\codehaus\plexus\plexus-interpolation\1.24\plexus-interpolation-1.24.jar;C:\Users\danut.cristea\.m2\repository\org\sonatype\plexus\plexus-sec-dispatcher\1.4\plexus-sec-dispatcher-1.4.jar;C:\Users\danut.cristea\.m2\repository\org\sonatype\plexus\plexus-cipher\1.4\plexus-cipher-1.4.jar;C:\Users\danut.cristea\.m2\repository\org\apache\maven\maven-builder-support\3.5.2\maven-builder-support-3.5.2.jar;C:\Users\danut.cristea\.m2\repository\org\apache\maven\maven-repository-metadata\3.5.2\maven-repository-metadata-3.5.2.jar;C:\Users\danut.cristea\.m2\repository\org\apache\maven\maven-artifact\3.5.2\maven-artifact-3.5.2.jar;C:\Users\danut.cristea\.m2\repository\org\apache\maven\maven-plugin-api\3.5.2\maven-plugin-api-3.5.2.jar;C:\Users\danut.cristea\.m2\repository\org\apache\maven\maven-model-builder\3.5.2\maven-model-builder-3.5.2.jar;C:\Users\danut.cristea\.m2\repository\org\apache\maven\maven-resolver-provider\3.5.2\maven-resolver-provider-3.5.2.jar;C:\Users\danut.cristea\.m2\repository\org\apache\maven\resolver\maven-resolver-impl\1.1.0\maven-resolver-impl-1.1.0.jar;C:\Users\danut.cristea\.m2\repository\org\apache\maven\resolver\maven-resolver-api\1.1.0\maven-resolver-api-1.1.0.jar;C:\Users\danut.cristea\.m2\repository\org\apache\maven\resolver\maven-resolver-spi\1.1.0\maven-resolver-spi-1.1.0.jar;C:\Users\danut.cristea\.m2\repository\org\apache\maven\resolver\maven-resolver-util\1.1.0\maven-resolver-util-1.1.0.jar;C:\Users\danut.cristea\.m2\repository\org\apache\maven\shared\maven-shared-utils\3.1.0\maven-shared-utils-3.1.0.jar;C:\Users\danut.cristea\.m2\repository\org\eclipse\sisu\org.eclipse.sisu.plexus\0.3.3\org.eclipse.sisu.plexus-0.3.3.jar;C:\Users\danut.cristea\.m2\repository\javax\enterprise\cdi-api\1.0\cdi-api-1.0.jar;C:\Users\danut.cristea\.m2\repository\javax\annotation\jsr250-api\1.0\jsr250-api-1.0.jar;C:\Users\danut.cristea\.m2\repository\org\eclipse\sisu\org.eclipse.sisu.inject\0.3.3\org.eclipse.sisu.inject-0.3.3.jar;C:\Users\danut.cristea\.m2\repository\com\google\inject\guice\4.0\guice-4.0-no_aop.jar;C:\Users\danut.cristea\.m2\repository\aopalliance\aopalliance\1.0\aopalliance-1.0.jar;C:\Users\danut.cristea\.m2\repository\javax\inject\javax.inject\1\javax.inject-1.jar;C:\Users\danut.cristea\.m2\repository\org\codehaus\plexus\plexus-classworlds\2.5.2\plexus-classworlds-2.5.2.jar;C:\Users\danut.cristea\.m2\repository\org\codehaus\plexus\plexus-component-annotations\1.7.1\plexus-component-annotations-1.7.1.jar;C:\Users\danut.cristea\.m2\repository\org\apache\maven\surefire\surefire-testng-utils\2.20.1\surefire-testng-utils-2.20.1.jar;C:\Users\danut.cristea\.m2\repository\org\apache\maven\surefire\surefire-grouper\2.20.1\surefire-grouper-2.20.1.jar;"/>
    <property name="java.vm.vendor" value="Oracle Corporation"/>
    <property name="sun.arch.data.model" value="64"/>
    <property name="user.variant" value=""/>
    <property name="java.vendor.url" value="http://java.oracle.com/"/>
    <property name="user.timezone" value=""/>
    <property name="java.vm.specification.version" value="1.8"/>
    <property name="os.name" value="Windows 10"/>
    <property name="user.country" value="US"/>
    <property name="sun.java.launcher" value="SUN_STANDARD"/>
    <property name="sun.boot.library.path" value="C:\Program Files\Java\jdk1.8.0_191\jre\bin"/>
    <property name="sun.java.command" value="C:\Users\DANUT~1.CRI\AppData\Local\Temp\surefire7350566598148576873\surefirebooter3166383077101300259.jar C:\Users\danut.cristea\AppData\Local\Temp\surefire7350566598148576873 2018-12-05T17-53-19_272-jvmRun1 surefire1949603191932276960tmp surefire_17076809120425058229tmp"/>
    <property name="surefire.test.class.path" value="D:\workspace\BDD Test Framework\target\test-classes;D:\workspace\BDD Test Framework\target\classes;C:\Users\danut.cristea\.m2\repository\com\github\temyers\cucumber-jvm-parallel-plugin\2.1.0\cucumber-jvm-parallel-plugin-2.1.0.jar;C:\Users\danut.cristea\.m2\repository\commons-io\commons-io\2.4\commons-io-2.4.jar;C:\Users\danut.cristea\.m2\repository\org\apache\velocity\velocity\1.7\velocity-1.7.jar;C:\Users\danut.cristea\.m2\repository\commons-collections\commons-collections\3.2.1\commons-collections-3.2.1.jar;C:\Users\danut.cristea\.m2\repository\commons-lang\commons-lang\2.4\commons-lang-2.4.jar;C:\Users\danut.cristea\.m2\repository\io\cucumber\gherkin\3.2.0\gherkin-3.2.0.jar;C:\Users\danut.cristea\.m2\repository\io\cucumber\gherkin-jvm-deps\1.0.4\gherkin-jvm-deps-1.0.4.jar;C:\Users\danut.cristea\.m2\repository\org\projectlombok\lombok\1.16.10\lombok-1.16.10.jar;C:\Users\danut.cristea\.m2\repository\info\cukes\cucumber-java\1.2.5\cucumber-java-1.2.5.jar;C:\Users\danut.cristea\.m2\repository\info\cukes\cucumber-picocontainer\1.2.5\cucumber-picocontainer-1.2.5.jar;C:\Users\danut.cristea\.m2\repository\org\picocontainer\picocontainer\2.15\picocontainer-2.15.jar;C:\Users\danut.cristea\.m2\repository\info\cukes\cucumber-jvm-deps\1.0.5\cucumber-jvm-deps-1.0.5.jar;C:\Users\danut.cristea\.m2\repository\info\cukes\cucumber-core\1.2.5\cucumber-core-1.2.5.jar;C:\Users\danut.cristea\.m2\repository\info\cukes\cucumber-html\0.2.3\cucumber-html-0.2.3.jar;C:\Users\danut.cristea\.m2\repository\net\masterthought\cucumber-reporting\4.2.3\cucumber-reporting-4.2.3.jar;C:\Users\danut.cristea\.m2\repository\com\fasterxml\jackson\core\jackson-databind\2.9.7\jackson-databind-2.9.7.jar;C:\Users\danut.cristea\.m2\repository\com\fasterxml\jackson\core\jackson-annotations\2.9.0\jackson-annotations-2.9.0.jar;C:\Users\danut.cristea\.m2\repository\com\fasterxml\jackson\core\jackson-core\2.9.7\jackson-core-2.9.7.jar;C:\Users\danut.cristea\.m2\repository\velocity-tools\velocity-tools\1.4\velocity-tools-1.4.jar;C:\Users\danut.cristea\.m2\repository\joda-time\joda-time\2.10.1\joda-time-2.10.1.jar;C:\Users\danut.cristea\.m2\repository\org\apache\commons\commons-lang3\3.7\commons-lang3-3.7.jar;C:\Users\danut.cristea\.m2\repository\org\codehaus\plexus\plexus-utils\3.1.0\plexus-utils-3.1.0.jar;C:\Users\danut.cristea\.m2\repository\org\jsoup\jsoup\1.11.3\jsoup-1.11.3.jar;C:\Users\danut.cristea\.m2\repository\com\googlecode\owasp-java-html-sanitizer\owasp-java-html-sanitizer\20181114.1\owasp-java-html-sanitizer-20181114.1.jar;C:\Users\danut.cristea\.m2\repository\commons-configuration\commons-configuration\1.10\commons-configuration-1.10.jar;C:\Users\danut.cristea\.m2\repository\info\cukes\gherkin\2.12.2\gherkin-2.12.2.jar;C:\Users\danut.cristea\.m2\repository\info\cukes\cucumber-testng\1.2.5\cucumber-testng-1.2.5.jar;C:\Users\danut.cristea\.m2\repository\org\testng\testng\7.0.0-beta1\testng-7.0.0-beta1.jar;C:\Users\danut.cristea\.m2\repository\com\beust\jcommander\1.72\jcommander-1.72.jar;C:\Users\danut.cristea\.m2\repository\org\seleniumhq\selenium\selenium-java\3.5.3\selenium-java-3.5.3.jar;C:\Users\danut.cristea\.m2\repository\org\seleniumhq\selenium\selenium-api\3.5.3\selenium-api-3.5.3.jar;C:\Users\danut.cristea\.m2\repository\org\seleniumhq\selenium\selenium-edge-driver\3.5.3\selenium-edge-driver-3.5.3.jar;C:\Users\danut.cristea\.m2\repository\org\seleniumhq\selenium\selenium-firefox-driver\3.5.3\selenium-firefox-driver-3.5.3.jar;C:\Users\danut.cristea\.m2\repository\org\seleniumhq\selenium\selenium-ie-driver\3.5.3\selenium-ie-driver-3.5.3.jar;C:\Users\danut.cristea\.m2\repository\org\seleniumhq\selenium\selenium-opera-driver\3.5.3\selenium-opera-driver-3.5.3.jar;C:\Users\danut.cristea\.m2\repository\org\seleniumhq\selenium\selenium-remote-driver\3.5.3\selenium-remote-driver-3.5.3.jar;C:\Users\danut.cristea\.m2\repository\org\seleniumhq\selenium\selenium-safari-driver\3.5.3\selenium-safari-driver-3.5.3.jar;C:\Users\danut.cristea\.m2\repository\org\seleniumhq\selenium\selenium-support\3.5.3\selenium-support-3.5.3.jar;C:\Users\danut.cristea\.m2\repository\cglib\cglib-nodep\3.2.4\cglib-nodep-3.2.4.jar;C:\Users\danut.cristea\.m2\repository\org\apache\commons\commons-exec\1.3\commons-exec-1.3.jar;C:\Users\danut.cristea\.m2\repository\commons-codec\commons-codec\1.10\commons-codec-1.10.jar;C:\Users\danut.cristea\.m2\repository\commons-logging\commons-logging\1.2\commons-logging-1.2.jar;C:\Users\danut.cristea\.m2\repository\org\w3c\css\sac\1.3\sac-1.3.jar;C:\Users\danut.cristea\.m2\repository\net\sourceforge\cssparser\cssparser\0.9.23\cssparser-0.9.23.jar;C:\Users\danut.cristea\.m2\repository\org\hamcrest\hamcrest-core\1.3\hamcrest-core-1.3.jar;C:\Users\danut.cristea\.m2\repository\net\sourceforge\htmlunit\htmlunit\2.27\htmlunit-2.27.jar;C:\Users\danut.cristea\.m2\repository\net\sourceforge\htmlunit\htmlunit-core-js\2.27\htmlunit-core-js-2.27.jar;C:\Users\danut.cristea\.m2\repository\net\sourceforge\htmlunit\neko-htmlunit\2.27\neko-htmlunit-2.27.jar;C:\Users\danut.cristea\.m2\repository\org\apache\httpcomponents\httpclient\4.5.3\httpclient-4.5.3.jar;C:\Users\danut.cristea\.m2\repository\org\apache\httpcomponents\httpcore\4.4.6\httpcore-4.4.6.jar;C:\Users\danut.cristea\.m2\repository\org\apache\httpcomponents\httpmime\4.5.3\httpmime-4.5.3.jar;C:\Users\danut.cristea\.m2\repository\org\eclipse\jetty\jetty-client\9.4.5.v20170502\jetty-client-9.4.5.v20170502.jar;C:\Users\danut.cristea\.m2\repository\org\eclipse\jetty\jetty-http\9.4.5.v20170502\jetty-http-9.4.5.v20170502.jar;C:\Users\danut.cristea\.m2\repository\org\eclipse\jetty\jetty-io\9.4.5.v20170502\jetty-io-9.4.5.v20170502.jar;C:\Users\danut.cristea\.m2\repository\org\eclipse\jetty\jetty-util\9.4.5.v20170502\jetty-util-9.4.5.v20170502.jar;C:\Users\danut.cristea\.m2\repository\net\java\dev\jna\jna\4.1.0\jna-4.1.0.jar;C:\Users\danut.cristea\.m2\repository\net\java\dev\jna\jna-platform\4.1.0\jna-platform-4.1.0.jar;C:\Users\danut.cristea\.m2\repository\junit\junit\4.12\junit-4.12.jar;C:\Users\danut.cristea\.m2\repository\com\codeborne\phantomjsdriver\1.4.0\phantomjsdriver-1.4.0.jar;C:\Users\danut.cristea\.m2\repository\org\seleniumhq\selenium\htmlunit-driver\2.27\htmlunit-driver-2.27.jar;C:\Users\danut.cristea\.m2\repository\javax\servlet\javax.servlet-api\3.1.0\javax.servlet-api-3.1.0.jar;C:\Users\danut.cristea\.m2\repository\org\eclipse\jetty\websocket\websocket-api\9.4.5.v20170502\websocket-api-9.4.5.v20170502.jar;C:\Users\danut.cristea\.m2\repository\org\eclipse\jetty\websocket\websocket-client\9.4.5.v20170502\websocket-client-9.4.5.v20170502.jar;C:\Users\danut.cristea\.m2\repository\org\eclipse\jetty\websocket\websocket-common\9.4.5.v20170502\websocket-common-9.4.5.v20170502.jar;C:\Users\danut.cristea\.m2\repository\xalan\serializer\2.7.2\serializer-2.7.2.jar;C:\Users\danut.cristea\.m2\repository\xalan\xalan\2.7.2\xalan-2.7.2.jar;C:\Users\danut.cristea\.m2\repository\xerces\xercesImpl\2.11.0\xercesImpl-2.11.0.jar;C:\Users\danut.cristea\.m2\repository\xml-apis\xml-apis\1.4.01\xml-apis-1.4.01.jar;C:\Users\danut.cristea\.m2\repository\org\seleniumhq\selenium\selenium-chrome-driver\3.14.0\selenium-chrome-driver-3.14.0.jar;C:\Users\danut.cristea\.m2\repository\net\bytebuddy\byte-buddy\1.8.15\byte-buddy-1.8.15.jar;C:\Users\danut.cristea\.m2\repository\com\squareup\okhttp3\okhttp\3.10.0\okhttp-3.10.0.jar;C:\Users\danut.cristea\.m2\repository\com\squareup\okio\okio\1.14.1\okio-1.14.1.jar;C:\Users\danut.cristea\.m2\repository\com\vimalselvam\cucumber-extentsreport\3.1.1\cucumber-extentsreport-3.1.1.jar;C:\Users\danut.cristea\.m2\repository\com\aventstack\extentreports\4.0.3\extentreports-4.0.3.jar;C:\Users\danut.cristea\.m2\repository\org\freemarker\freemarker\2.3.23\freemarker-2.3.23.jar;C:\Users\danut.cristea\.m2\repository\org\mongodb\mongodb-driver\3.3.0\mongodb-driver-3.3.0.jar;C:\Users\danut.cristea\.m2\repository\org\mongodb\mongodb-driver-core\3.3.0\mongodb-driver-core-3.3.0.jar;C:\Users\danut.cristea\.m2\repository\org\mongodb\bson\3.3.0\bson-3.3.0.jar;C:\Users\danut.cristea\.m2\repository\com\sitture\cucumber-jvm-extentreport\3.1.2\cucumber-jvm-extentreport-3.1.2.jar;C:\Users\danut.cristea\.m2\repository\io\cucumber\cucumber-java\2.3.1\cucumber-java-2.3.1.jar;C:\Users\danut.cristea\.m2\repository\io\cucumber\cucumber-core\2.3.1\cucumber-core-2.3.1.jar;C:\Users\danut.cristea\.m2\repository\io\cucumber\cucumber-jvm-deps\1.0.6\cucumber-jvm-deps-1.0.6.jar;C:\Users\danut.cristea\.m2\repository\io\cucumber\tag-expressions\1.1.1\tag-expressions-1.1.1.jar;C:\Users\danut.cristea\.m2\repository\io\cucumber\cucumber-junit\2.3.1\cucumber-junit-2.3.1.jar;C:\Users\danut.cristea\.m2\repository\org\apache\poi\poi-ooxml\3.9\poi-ooxml-3.9.jar;C:\Users\danut.cristea\.m2\repository\dom4j\dom4j\1.6.1\dom4j-1.6.1.jar;C:\Users\danut.cristea\.m2\repository\org\apache\poi\poi-ooxml-schemas\3.9\poi-ooxml-schemas-3.9.jar;C:\Users\danut.cristea\.m2\repository\org\apache\xmlbeans\xmlbeans\2.3.0\xmlbeans-2.3.0.jar;C:\Users\danut.cristea\.m2\repository\stax\stax-api\1.0.1\stax-api-1.0.1.jar;C:\Users\danut.cristea\.m2\repository\org\apache\poi\poi-scratchpad\3.9\poi-scratchpad-3.9.jar;C:\Users\danut.cristea\.m2\repository\org\apache\poi\ooxml-schemas\1.1\ooxml-schemas-1.1.jar;C:\Users\danut.cristea\.m2\repository\org\apache\poi\openxml4j\1.0-beta\openxml4j-1.0-beta.jar;C:\Users\danut.cristea\.m2\repository\log4j\log4j\1.2.8\log4j-1.2.8.jar;C:\Users\danut.cristea\.m2\repository\org\apache\poi\poi\3.16-beta2\poi-3.16-beta2.jar;C:\Users\danut.cristea\.m2\repository\org\apache\commons\commons-collections4\4.1\commons-collections4-4.1.jar;C:\Users\danut.cristea\.m2\repository\com\google\guava\guava\22.0\guava-22.0.jar;C:\Users\danut.cristea\.m2\repository\com\google\code\findbugs\jsr305\1.3.9\jsr305-1.3.9.jar;C:\Users\danut.cristea\.m2\repository\com\google\errorprone\error_prone_annotations\2.0.18\error_prone_annotations-2.0.18.jar;C:\Users\danut.cristea\.m2\repository\com\google\j2objc\j2objc-annotations\1.1\j2objc-annotations-1.1.jar;C:\Users\danut.cristea\.m2\repository\org\codehaus\mojo\animal-sniffer-annotations\1.14\animal-sniffer-annotations-1.14.jar;C:\Users\danut.cristea\.m2\repository\com\google\code\gson\gson\2.8.2\gson-2.8.2.jar;C:\Users\danut.cristea\.m2\repository\org\apache\maven\maven-core\3.5.2\maven-core-3.5.2.jar;C:\Users\danut.cristea\.m2\repository\org\apache\maven\maven-model\3.5.2\maven-model-3.5.2.jar;C:\Users\danut.cristea\.m2\repository\org\apache\maven\maven-settings\3.5.2\maven-settings-3.5.2.jar;C:\Users\danut.cristea\.m2\repository\org\apache\maven\maven-settings-builder\3.5.2\maven-settings-builder-3.5.2.jar;C:\Users\danut.cristea\.m2\repository\org\codehaus\plexus\plexus-interpolation\1.24\plexus-interpolation-1.24.jar;C:\Users\danut.cristea\.m2\repository\org\sonatype\plexus\plexus-sec-dispatcher\1.4\plexus-sec-dispatcher-1.4.jar;C:\Users\danut.cristea\.m2\repository\org\sonatype\plexus\plexus-cipher\1.4\plexus-cipher-1.4.jar;C:\Users\danut.cristea\.m2\repository\org\apache\maven\maven-builder-support\3.5.2\maven-builder-support-3.5.2.jar;C:\Users\danut.cristea\.m2\repository\org\apache\maven\maven-repository-metadata\3.5.2\maven-repository-metadata-3.5.2.jar;C:\Users\danut.cristea\.m2\repository\org\apache\maven\maven-artifact\3.5.2\maven-artifact-3.5.2.jar;C:\Users\danut.cristea\.m2\repository\org\apache\maven\maven-plugin-api\3.5.2\maven-plugin-api-3.5.2.jar;C:\Users\danut.cristea\.m2\repository\org\apache\maven\maven-model-builder\3.5.2\maven-model-builder-3.5.2.jar;C:\Users\danut.cristea\.m2\repository\org\apache\maven\maven-resolver-provider\3.5.2\maven-resolver-provider-3.5.2.jar;C:\Users\danut.cristea\.m2\repository\org\apache\maven\resolver\maven-resolver-impl\1.1.0\maven-resolver-impl-1.1.0.jar;C:\Users\danut.cristea\.m2\repository\org\apache\maven\resolver\maven-resolver-api\1.1.0\maven-resolver-api-1.1.0.jar;C:\Users\danut.cristea\.m2\repository\org\apache\maven\resolver\maven-resolver-spi\1.1.0\maven-resolver-spi-1.1.0.jar;C:\Users\danut.cristea\.m2\repository\org\apache\maven\resolver\maven-resolver-util\1.1.0\maven-resolver-util-1.1.0.jar;C:\Users\danut.cristea\.m2\repository\org\apache\maven\shared\maven-shared-utils\3.1.0\maven-shared-utils-3.1.0.jar;C:\Users\danut.cristea\.m2\repository\org\eclipse\sisu\org.eclipse.sisu.plexus\0.3.3\org.eclipse.sisu.plexus-0.3.3.jar;C:\Users\danut.cristea\.m2\repository\javax\enterprise\cdi-api\1.0\cdi-api-1.0.jar;C:\Users\danut.cristea\.m2\repository\javax\annotation\jsr250-api\1.0\jsr250-api-1.0.jar;C:\Users\danut.cristea\.m2\repository\org\eclipse\sisu\org.eclipse.sisu.inject\0.3.3\org.eclipse.sisu.inject-0.3.3.jar;C:\Users\danut.cristea\.m2\repository\com\google\inject\guice\4.0\guice-4.0-no_aop.jar;C:\Users\danut.cristea\.m2\repository\aopalliance\aopalliance\1.0\aopalliance-1.0.jar;C:\Users\danut.cristea\.m2\repository\javax\inject\javax.inject\1\javax.inject-1.jar;C:\Users\danut.cristea\.m2\repository\org\codehaus\plexus\plexus-classworlds\2.5.2\plexus-classworlds-2.5.2.jar;C:\Users\danut.cristea\.m2\repository\org\codehaus\plexus\plexus-component-annotations\1.7.1\plexus-component-annotations-1.7.1.jar;C:\Users\danut.cristea\.m2\repository\org\apache\maven\surefire\surefire-testng-utils\2.20.1\surefire-testng-utils-2.20.1.jar;C:\Users\danut.cristea\.m2\repository\org\apache\maven\surefire\surefire-grouper\2.20.1\surefire-grouper-2.20.1.jar;"/>
    <property name="sun.cpu.endian" value="little"/>
    <property name="user.home" value="C:\Users\danut.cristea"/>
    <property name="user.language" value="en"/>
    <property name="java.specification.vendor" value="Oracle Corporation"/>
    <property name="java.home" value="C:\Program Files\Java\jdk1.8.0_191\jre"/>
    <property name="basedir" value="D:\workspace\BDD Test Framework"/>
    <property name="file.separator" value="\"/>
    <property name="line.separator" value="&#10;"/>
    <property name="java.vm.specification.vendor" value="Oracle Corporation"/>
    <property name="java.specification.name" value="Java Platform API Specification"/>
    <property name="java.awt.graphicsenv" value="sun.awt.Win32GraphicsEnvironment"/>
    <property name="surefire.real.class.path" value="C:\Users\DANUT~1.CRI\AppData\Local\Temp\surefire7350566598148576873\surefirebooter3166383077101300259.jar"/>
    <property name="sun.boot.class.path" value="C:\Program Files\Java\jdk1.8.0_191\jre\lib\resources.jar;C:\Program Files\Java\jdk1.8.0_191\jre\lib\rt.jar;C:\Program Files\Java\jdk1.8.0_191\jre\lib\sunrsasign.jar;C:\Program Files\Java\jdk1.8.0_191\jre\lib\jsse.jar;C:\Program Files\Java\jdk1.8.0_191\jre\lib\jce.jar;C:\Program Files\Java\jdk1.8.0_191\jre\lib\charsets.jar;C:\Program Files\Java\jdk1.8.0_191\jre\lib\jfr.jar;C:\Program Files\Java\jdk1.8.0_191\jre\classes"/>
    <property name="user.script" value=""/>
    <property name="sun.management.compiler" value="HotSpot 64-Bit Tiered Compilers"/>
    <property name="java.runtime.version" value="1.8.0_191-b12"/>
    <property name="user.name" value="danut.cristea"/>
    <property name="path.separator" value=";"/>
    <property name="os.version" value="10.0"/>
    <property name="java.endorsed.dirs" value="C:\Program Files\Java\jdk1.8.0_191\jre\lib\endorsed"/>
    <property name="java.runtime.name" value="Java(TM) SE Runtime Environment"/>
    <property name="file.encoding" value="Cp1252"/>
    <property name="java.vm.name" value="Java HotSpot(TM) 64-Bit Server VM"/>
    <property name="localRepository" value="C:\Users\danut.cristea\.m2\repository"/>
    <property name="java.vendor.url.bug" value="http://bugreport.sun.com/bugreport/"/>
    <property name="java.io.tmpdir" value="C:\Users\DANUT~1.CRI\AppData\Local\Temp\"/>
    <property name="idea.version" value="2018.3"/>
    <property name="java.version" value="1.8.0_191"/>
    <property name="user.dir" value="D:\workspace\BDD Test Framework"/>
    <property name="os.arch" value="amd64"/>
    <property name="java.vm.specification.name" value="Java Virtual Machine Specification"/>
    <property name="java.awt.printerjob" value="sun.awt.windows.WPrinterJob"/>
    <property name="sun.os.patch.level" value=""/>
    <property name="java.library.path" value="C:\Program Files\Java\jdk1.8.0_191\jre\bin;C:\Windows\Sun\Java\bin;C:\Windows\system32;C:\Windows;C:\Program Files (x86)\Common Files\Oracle\Java\javapath;C:\Windows\system32;C:\Windows;C:\Windows\System32\Wbem;C:\Windows\System32\WindowsPowerShell\v1.0\;C:\Windows\System32\OpenSSH\;C:\Program Files\PuTTY\;C:\Program Files\Java\jdk1.8.0_191\bin;C:\Program Files\Java\jre1.8.0_191\bin;D:\kit-uri\Tools\Maven\apache-maven-3.6.0\bin;C:\Users\danut.cristea\AppData\Local\Microsoft\WindowsApps;;."/>
    <property name="java.vm.info" value="mixed mode"/>
    <property name="java.vendor" value="Oracle Corporation"/>
    <property name="java.vm.version" value="25.191-b12"/>
    <property name="java.ext.dirs" value="C:\Program Files\Java\jdk1.8.0_191\jre\lib\ext;C:\Windows\Sun\Java\lib\ext"/>
    <property name="sun.io.unicode.encoding" value="UnicodeLittle"/>
    <property name="java.class.version" value="52.0"/>
  </properties>
  <testcase name="feature" classname="Parallel01IT" time="17.434"/>
</testsuite>