<?xml version="1.0" encoding="UTF-8"?>
<!-- Generated by org.testng.reporters.JUnitReportReporter -->
<testsuite skipped="0" hostname="SVRODK00184" name="Parallel01IT" tests="1" failures="0" timestamp="2018-12-05T17:53:38 EET" time="17.429" errors="0">
  <testcase name="feature" time="17.429" classname="Parallel01IT"/>
</testsuite> <!-- Parallel01IT -->
