<?xml version="1.0" encoding="UTF-8"?>
<!-- Generated by org.testng.reporters.JUnitReportReporter -->
<testsuite skipped="0" hostname="SVRODK00184" name="Sortbyavailability01IT" tests="1" failures="0" timestamp="2018-12-19T10:58:33 EET" time="25.484" errors="0">
  <testcase name="feature" time="25.484" classname="Sortbyavailability01IT"/>
</testsuite> <!-- Sortbyavailability01IT -->
